[35m[Appium][39m Welcome to Appium v1.22.3
[35m[Appium][39m Non-default server args:
[35m[Appium][39m   port: 59836
[35m[Appium][39m   loglevel: info
[35m[Appium][39m   tmpDir: C:\Users\mtauf\AppData\Local\Temp\\Katalon\Appium\Temp1666642269564
[35m[Appium][39m   chromedriverPort: 59837
[35m[Appium][39m Deprecated server args:
[35m[Appium][39m   [31m--chromedriver-port[39m => --default-capabilities
[35m[Appium][39m Default capabilities, which will be added to each request unless overridden by desired capabilities:
[35m[Appium][39m   chromedriverPort: 59837
[35m[Appium][39m Appium REST http interface listener started on 0.0.0.0:59836
[35m[HTTP][39m [37m-->[39m [37mGET[39m [37m/wd/hub/status[39m
[35m[HTTP][39m [90m{}[39m
[35m[HTTP][39m [37m<-- GET /wd/hub/status [39m[32m200[39m [90m12 ms - 68[39m
[35m[HTTP][39m [90m[39m
[35m[HTTP][39m [37m-->[39m [37mGET[39m [37m/wd/hub/status[39m
[35m[HTTP][39m [90m{}[39m
[35m[HTTP][39m [37m<-- GET /wd/hub/status [39m[32m200[39m [90m2 ms - 68[39m
[35m[HTTP][39m [90m[39m
[35m[HTTP][39m [37m-->[39m [37mPOST[39m [37m/wd/hub/session[39m
[35m[HTTP][39m [90m{"desiredCapabilities":{"app":"C:\\Users\\mtauf\\Katalon Studio\\Shopping\\app\\shop.apk","noReset":true,"deviceName":"emulator-5554 (sdk_gphone_x86 - Android 11)","fullReset":false,"platform":"ANDROID","newCommandTimeout":1800,"platformVersion":"11","automationName":"uiautomator2","autoGrantPermissions":true,"platformName":"Android","udid":"emulator-5554","systemPort":59844},"capabilities":{"firstMatch":[{"appium:app":"C:\\Users\\mtauf\\Katalon Studio\\Shopping\\app\\shop.apk","appium:autoGrantPermissions":true,"appium:automationName":"uiautomator2","appium:deviceName":"emulator-5554 (sdk_gphone_x86 - Android 11)","appium:fullReset":false,"appium:newCommandTimeout":1800,"appium:noReset":true,"platform":"ANDROID","platformName":"android","appium:platformVersion":"11","appium:systemPort":59844,"appium:udid":"emulator-5554"}]}}[39m
[35m[BaseDriver][39m The following capabilities are not standard capabilities and should have an extension prefix:
[35m[BaseDriver][39m   platform
[35m[BaseDriver][39m   chromedriverPort
[35m[Appium][39m Appium v1.22.3 creating new AndroidUiautomator2Driver (v1.70.1) session
[35m[BaseDriver][39m The following capabilities were provided, but are not recognized by Appium:
[35m[BaseDriver][39m   platform
[35m[BaseDriver][39m Session created with session id: 80b0e6d9-d98a-4b3b-a4f3-58cd382aedb2
[35m[BaseDriver][39m Using local app 'C:\Users\mtauf\Katalon Studio\Shopping\app\shop.apk'
[35m[ADB][39m Found 1 'build-tools' folders under 'C:\Users\mtauf\.katalon\tools\android_sdk' (newest first):
[35m[ADB][39m     C:/Users/mtauf/.katalon/tools/android_sdk/build-tools/29.0.3
[35m[ADB][39m Using 'adb.exe' from 'C:\Users\mtauf\.katalon\tools\android_sdk\platform-tools\adb.exe'
[35m[AndroidDriver][39m Retrieving device list
[35m[AndroidDriver][39m Using device: emulator-5554
[35m[ADB][39m Using 'adb.exe' from 'C:\Users\mtauf\.katalon\tools\android_sdk\platform-tools\adb.exe'
[35m[ADB][39m Getting device platform version
[35m[UiAutomator2][39m Relaxing hidden api policy
[35m[ADB][39m Package name: 'com.ecwid.ShopAt.HappyDayShopping'
[35m[ADB][39m Main activity name: 'com.pb.MainActivity'
[35m[ADB][39m Using 'apksigner.jar' from 'C:\Users\mtauf\.katalon\tools\android_sdk\build-tools\29.0.3\lib\apksigner.jar'
[35m[ADB][39m 'C:\Users\mtauf\AppData\Roaming\npm\node_modules\appium\node_modules\appium-uiautomator2-server\apks\appium-uiautomator2-server-v4.27.0.apk' is signed with the default certificate
[35m[ADB][39m 'C:\Users\mtauf\AppData\Roaming\npm\node_modules\appium\node_modules\appium-uiautomator2-server\apks\appium-uiautomator2-server-debug-androidTest.apk' is signed with the default certificate
[35m[UiAutomator2][39m Server packages are not going to be (re)installed
[35m[ADB][39m Adding packages ["io.appium.settings","io.appium.uiautomator2.server","io.appium.uiautomator2.server.test"] to Doze whitelist
[35m[ADB][39m 'C:\Users\mtauf\Katalon Studio\Shopping\app\shop.apk' is signed with a non-default certificate
[35m[ADB][39m The application at 'C:\Users\mtauf\Katalon Studio\Shopping\app\shop.apk' will not be cached, because the device under test has confirmed the support of streamed installs
[35m[ADB][39m The installation of 'shop.apk' took 6130ms
[35m[UiAutomator2][39m Starting UIAutomator2 server 4.27.0
[35m[UiAutomator2][39m Using UIAutomator2 server from 'C:\Users\mtauf\AppData\Roaming\npm\node_modules\appium\node_modules\appium-uiautomator2-server\apks\appium-uiautomator2-server-v4.27.0.apk' and test from 'C:\Users\mtauf\AppData\Roaming\npm\node_modules\appium\node_modules\appium-uiautomator2-server\apks\appium-uiautomator2-server-debug-androidTest.apk'
[35m[UiAutomator2][39m Waiting up to 30000ms for UiAutomator2 to be online...
[35m[WD Proxy][39m socket hang up
[35m[WD Proxy][39m socket hang up
[35m[WD Proxy][39m socket hang up
[35m[WD Proxy][39m Determined the downstream protocol as 'W3C'
[35m[AndroidDriver][39m Screen already unlocked, doing nothing
[35m[UiAutomator2][39m Starting 'com.ecwid.ShopAt.HappyDayShopping/com.pb.MainActivity and waiting for 'com.ecwid.ShopAt.HappyDayShopping/com.pb.MainActivity'
[35m[Appium][39m New AndroidUiautomator2Driver session created successfully, session 80b0e6d9-d98a-4b3b-a4f3-58cd382aedb2 added to master session list
[35m[HTTP][39m [37m<-- POST /wd/hub/session [39m[32m200[39m [90m18496 ms - 1310[39m
[35m[HTTP][39m [90m[39m
[35m[HTTP][39m [37m-->[39m [37mGET[39m [37m/wd/hub/session/80b0e6d9-d98a-4b3b-a4f3-58cd382aedb2[39m
[35m[HTTP][39m [90m{}[39m
[35m[HTTP][39m [37m<-- GET /wd/hub/session/80b0e6d9-d98a-4b3b-a4f3-58cd382aedb2 [39m[32m200[39m [90m42 ms - 1264[39m
[35m[HTTP][39m [90m[39m
[35m[HTTP][39m [37m-->[39m [37mGET[39m [37m/wd/hub/session/80b0e6d9-d98a-4b3b-a4f3-58cd382aedb2[39m
[35m[HTTP][39m [90m{}[39m
[35m[HTTP][39m [37m<-- GET /wd/hub/session/80b0e6d9-d98a-4b3b-a4f3-58cd382aedb2 [39m[32m200[39m [90m30 ms - 1264[39m
[35m[HTTP][39m [90m[39m
[35m[HTTP][39m [37m-->[39m [37mGET[39m [37m/wd/hub/status[39m
[35m[HTTP][39m [90m{}[39m
[35m[HTTP][39m [37m<-- GET /wd/hub/status [39m[32m200[39m [90m2 ms - 68[39m
[35m[HTTP][39m [90m[39m
[35m[HTTP][39m [37m-->[39m [37mPOST[39m [37m/wd/hub/session/80b0e6d9-d98a-4b3b-a4f3-58cd382aedb2/timeouts[39m
[35m[HTTP][39m [90m{"implicit":60000}[39m
[35m[HTTP][39m [37m<-- POST /wd/hub/session/80b0e6d9-d98a-4b3b-a4f3-58cd382aedb2/timeouts [39m[32m200[39m [90m8 ms - 14[39m
[35m[HTTP][39m [90m[39m
[35m[HTTP][39m [37m-->[39m [37mGET[39m [37m/wd/hub/session/80b0e6d9-d98a-4b3b-a4f3-58cd382aedb2/source[39m
[35m[HTTP][39m [90m{}[39m
[35m[W3C (80b0e6d9)][39m Driver proxy active, passing request on via HTTP proxy
[35m[WD Proxy][39m Replacing sessionId e588afea-6010-4123-839c-4863932505bb with 80b0e6d9-d98a-4b3b-a4f3-58cd382aedb2
[35m[HTTP][39m [37m<-- GET /wd/hub/session/80b0e6d9-d98a-4b3b-a4f3-58cd382aedb2/source [39m[32m200[39m [90m116 ms - 1921[39m
[35m[HTTP][39m [90m[39m
[35m[HTTP][39m [37m-->[39m [37mGET[39m [37m/wd/hub/session/80b0e6d9-d98a-4b3b-a4f3-58cd382aedb2/screenshot[39m
[35m[HTTP][39m [90m{}[39m
[35m[HTTP][39m [37m<-- GET /wd/hub/session/80b0e6d9-d98a-4b3b-a4f3-58cd382aedb2/screenshot [39m[32m200[39m [90m663 ms - 183054[39m
[35m[HTTP][39m [90m[39m
[35m[HTTP][39m [37m-->[39m [37mGET[39m [37m/wd/hub/session/80b0e6d9-d98a-4b3b-a4f3-58cd382aedb2/source[39m
[35m[HTTP][39m [90m{}[39m
[35m[W3C (80b0e6d9)][39m Driver proxy active, passing request on via HTTP proxy
[35m[WD Proxy][39m Replacing sessionId e588afea-6010-4123-839c-4863932505bb with 80b0e6d9-d98a-4b3b-a4f3-58cd382aedb2
[35m[HTTP][39m [37m<-- GET /wd/hub/session/80b0e6d9-d98a-4b3b-a4f3-58cd382aedb2/source [39m[32m200[39m [90m185 ms - 38279[39m
[35m[HTTP][39m [90m[39m
[35m[HTTP][39m [37m-->[39m [37mGET[39m [37m/wd/hub/session/80b0e6[35m[BaseDriver][39m Shutting down because we waited 1800 seconds for a command
[35m[Appium][39m Closing session, cause was 'New Command Timeout of 1800 seconds expired. Try customizing the timeout using the 'newCommandTimeout' desired capability'
[35m[Appium][39m Removing session '991bdc7c-2a42-4cd3-b5f0-fabc78824a20' from our master session list
[35m[UiAutomator2][39m Did not get confirmation UiAutomator2 deleteSession worked; Error was: UnknownError: An unknown server-side error occurred while processing the command. Original error: 'DELETE /' cannot be proxied to UiAutomator2 server because the instrumentation process is not running (probably crashed). Check the server log and/or the logcat output for more details
[35m[UiAutomator2][39m Restoring hidden api policy to the device default configuration
"value":"new UiSelector().className(\"android.view.ViewGroup\")"}[39m
[35m[HTTP][39m [37m<-- POST /wd/hub/session/80b0e6d9-d98a-4b3b-a4f3-58cd382aedb2/elements [39m[32m200[39m [90m428 ms - 5643[39m
[35m[HTTP][39m [90m[39m
[35m[HTTP][39m [37m-->[39m [37mGET[39m [37m/wd/hub/session/80b0e6d9-d98a-4b3b-a4f3-58cd382aedb2/window/rect[39m
[35m[HTTP][39m [90m{}[39m
[35m[HTTP][39m [37m<-- GET /wd/hub/session/80b0e6d9-d98a-4b3b-a4f3-58cd382aedb2/window/rect [39m[32m200[39m [90m19 ms - 50[39m
[35m[HTTP][39m [90m[39m
[35m[HTTP][39m [37m-->[39m [37mPOST[39m [37m/wd/hub/session/80b0e6d9-d98a-4b3b-a4f3-58cd382aedb2/elements[39m
[35m[HTTP][39m [90m{"using":"xpath","value":"//hierarchy/android.widget.FrameLayout[1]/android.widget.LinearLayout[1]/android.widget.FrameLayout[1]/android.widget.LinearLayout[1]/android.widget.FrameLayout[1]/android.widget.FrameLayout[1]/android.view.ViewGroup[1]/android.view.ViewGroup[2]/android.view.ViewGroup[1]/android.view.ViewGroup[1]/android.view.ViewGroup[1]/android.view.ViewGroup[1]/android.view.ViewGroup[1]/android.view.ViewGroup[1]/android.view.ViewGroup[1]/android.widget.ScrollView[1]/android.view.ViewGroup[1]/android.view.ViewGroup[2]/android.widget.ScrollView[1]/android.view.ViewGroup[1]/android.widget.ScrollView[1]/android.view.ViewGroup[1]/android.view.ViewGroup[2]/android.view.ViewGroup[1]/android.view.ViewGroup[1]/android.view.ViewGroup[1]"}[39m
[35m[HTTP][39m [37m<-- POST /wd/hub/session/80b0e6d9-d98a-4b3b-a4f3-58cd382aedb2/elements [39m[32m200[39m [90m123 ms - 139[39m
[35m[HTTP][39m [90m[39m
[35m[HTTP][39m [37m-->[39m [37mGET[39m [37m/wd/hub/session/80b0e6d9-d98a-4b3b-a4f3-58cd382aedb2/element/00000000-0000-0082-ffff-ffff000000a6/location[39m
[35m[HTTP][39m [90m{}[39m
[35m[W3C (80b0e6d9)][39m Driver proxy active, passing request on via HTTP proxy
[35m[WD Proxy][39m Replacing sessionId e588afea-6010-4123-839c-4863932505bb with 80b0e6d9-d98a-4b3b-a4f3-58cd382aedb2
[35m[HTTP][39m [37m<-- GET /wd/hub/session/80b0e6d9-d98a-4b3b-a4f3-58cd382aedb2/element/00000000-0000-0082-ffff-ffff000000a6/location [39m[32m200[39m [90m22 ms - 77[39m
[35m[HTTP][39m [90m[39m
[35m[HTTP][39m [37m-->[39m [37mPOST[39m [37m/wd/hub/session/80b0e6d9-d98a-4b3b-a4f3-58cd382aedb2/touch/perform[39m
[35m[HTTP][39m [90m{"actions":[{"action":"tap","options":{"x":1,"y":1,"element":"00000000-0000-0082-ffff-ffff000000a6"}}]}[39m
[35m[UiAutomator2][39m calling get location: 00000000-0000-0082-ffff-ffff000000a6
[35m[HTTP][39m [37m<-- POST /wd/hub/session/80b0e6d9-d98a-4b3b-a4f3-58cd382aedb2/touch/perform [39m[32m200[39m [90m189 ms - 14[39m
[35m[HTTP][39m [90m[39m
[35m[HTTP][39m [37m-->[39m [37mGET[39m [37m/wd/hub/session/80b0e6d9-d98a-4b3b-a4f3-58cd382aedb2/source[39m
[35m[HTTP][39m [90m{}[39m
[35m[W3C (80b0e6d9)][39m Driver proxy active, passing request on via HTTP proxy
[35m[WD Proxy][39m Replacing sessionId e588afea-6010-4123-839c-4863932505bb with 80b0e6d9-d98a-4b3b-a4f3-58cd382aedb2
[35m[HTTP][39m [37m<-- GET /wd/hub/session/80b0e6d9-d98a-4b3b-a4f3-58cd382aedb2/source [39m[32m200[39m [90m2429 ms - 30940[39m
[35m[HTTP][39m [90m[39m
[35m[HTTP][39m [37m-->[39m [37mGET[39m [37m/wd/hub/session/80b0e6d9-d98a-4b3b-a4f3-58cd382aedb2/screenshot[39m
[35m[HTTP][39m [90m{}[39m
[35m[HTTP][39m [37m<-- GET /wd/hub/session/80b0e6d9-d98a-4b3b-a4f3-58cd382aedb2/screenshot [39m[32m200[39m [90m1213 ms - 1132376[39m
[35m[HTTP][39m [90m[39m
[35m[HTTP][39m [37m-->[39m [37mGET[39m [37m/wd/hub/session/80b0e6d9-d98a-4b3b-a4f3-58cd382aedb2/source[39m
[35m[HTTP][39m [90m{}[39m
[35m[W3C (80b0e6d9)][39m Driver proxy active, passing request on via HTTP proxy
[35m[WD Proxy][39m Replacing sessionId e588afea-6010-4123-839c-4863932505bb with 80b0e6d9-d98a-4b3b-a4f3-58cd382aedb2
[35m[HTTP][39m [37m<-- GET /wd/hub/session/80b0e6d9-d98a-4b3b-a4f3-58cd382aedb2/source [39m[32m200[39m [90m84 ms - 33088[39m
[35m[HTTP][39m [90m[39m
[35m[HTTP][39m [37m-->[39m [37mGET[39m [37m/wd/hub/session/80b0e6d9-d98a-4b3b-a4f3-58cd382aedb2/screenshot[39m
[35m[HTTP][39m [90m{}[39m
[35m[HTTP][39m [37m<-- GET /wd/hub/session/80b0e6d9-d98a-4b3b-a4f3-58cd382aedb2/screenshot [39m[32m200[39m [90m719 ms - 1261174[39m
[35m[HTTP][39m [90m[39m
[35m[HTTP][39m [37m-->[39m [37mPOST[39m [37m/wd/hub/session/80b0e6d9-d98a-4b3b-a4f3-58cd382aedb2/elements[39m
[35m[HTTP][39m [90m{"using":"xpath","value":"//*[@class = 'android.view.ViewGroup' and (@text = '' or . = '')]"}[39m
[35m[HTTP][39m [37m<-- POST /wd/hub/session/80b0e6d9-d98a-4b3b-a4f3-58cd382aedb2/elements [39m[32m200[39m [90m165 ms - 4491[39m
[35m[HTTP][39m [90m[39m
[35m[HTTP][39m [37m-->[39m [37mPOST[39m [37m/wd/hub/session/80b0e6d9-d98a-4b3b-a4f3-58cd382aedb2/elements[39m
[35m[HTTP][39m [90m{"using":"-android uiautomator","value":"new UiSelector().className(\"android.view.ViewGroup\")"}[39m
[35m[HTTP][39m [37m<-- POST /wd/hub/session/80b0e6d9-d98a-4b3b-a4f3-58cd382aedb2/elements [39m[32m200[39m [90m249 ms - 4491[39m
[35m[HTTP][39m [90m[39m
[35m[HTTP][39m [37m-->[39m [37mGET[39m [37m/wd/hub/session/80b0e6d9-d98a-4b3b-a4f3-58cd382aedb2/window/rect[39m
[35m[HTTP][39m [90m{}[39m
[35m[HTTP][39m [37m<-- GET /wd/hub/session/80b0e6d9-d98a-4b3b-a4f3-58cd382aedb2/window/rect [39m[32m200[39m [90m18 ms - 50[39m
[35m[HTTP][39m [90m[39m
[35m[HTTP][39m [37m-->[39m [37mPOST[39m [37m/wd/hub/session/80b0e6d9-d98a-4b3b-a4f3-58cd382aedb2/elements[39m
[35m[HTTP][39m [90m{"using":"xpath","value":"//hierarchy/android.widget.FrameLayout[1]/android.widget.LinearLayout[1]/android.widget.FrameLayout[1]/android.widget.LinearLayout[1]/android.widget.FrameLayout[1]/android.widget.FrameLayout[1]/android.view.ViewGroup[1]/android.view.ViewGroup[2]/android.view.ViewGroup[1]/android.view.ViewGroup[1]/android.view.ViewGroup[1]/android.view.ViewGroup[1]/android.view.ViewGroup[1]/android.view.ViewGroup[1]/android.view.ViewGroup[1]/android.widget.ScrollView[1]/android.view.ViewGroup[1]/android.widget.ScrollView[1]/android.view.ViewGroup[1]/android.view.ViewGroup[1]/android.view.ViewGroup[1]/android.view.ViewGroup[1]/android.view.ViewGroup[1]"}[39m
[35m[HTTP][39m [37m<-- POST /wd/hub/session/80b0e6d9-d98a-4b3b-a4f3-58cd382aedb2/elements [39m[32m200[39m [90m78 ms - 139[39m
[35m[HTTP][39m [90m[39m
[35m[HTTP][39m [37m-->[39m [37mGET[39m [37m/wd/hub/session/80b0e6d9-d98a-4b3b-a4f3-58cd382aedb2/element/00000000-0000-0082-ffff-ffff00000269/location[39m
[35m[HTTP][39m [90m{}[39m
[35m[W3C (80b0e6d9)][39m Driver proxy active, passing request on via HTTP proxy
[35m[WD Proxy][39m Replacing sessionId e588afea-6010-4123-839c-4863932505bb with 80b0e6d9-d98a-4b3b-a4f3-58cd382aedb2
[35m[HTTP][39m [37m<-- GET /wd/hub/session/80b0e6d9-d98a-4b3b-a4f3-58cd382aedb2/element/00000000-0000-0082-ffff-ffff00000269/location [39m[32m200[39m [90m18 ms - 77[39m
[35m[HTTP][39m [90m[39m
[35m[HTTP][39m [37m-->[39m [37mPOST[39m [37m/wd/hub/session/80b0e6d9-d98a-4b3b-a4f3-58cd382aedb2/touch/perform[39m
[35m[HTTP][39m [90m{"actions":[{"action":"tap","options":{"x":1,"y":1,"element":"00000000-0000-0082-ffff-ffff00000269"}}]}[39m
[35m[UiAutomator2][39m calling get location: 00000000-0000-0082-ffff-ffff00000269
[35m[HTTP][39m [37m<-- POST /wd/hub/session/80b0e6d9-d98a-4b3b-a4f3-58cd382aedb2/touch/perform [39m[32m200[39m [90m195 ms - 14[39m
[35m[HTTP][39m [90m[39m
[35m[HTTP][39m [37m-->[39m [37mGET[39m [37m/wd/hub/session/80b0e6d9-d98a-4b3b-a4f3-58cd382aedb2/source[39m
[35m[HTTP][39m [90m{}[39m
[35m[W3C (80b0e6d9)][39m Driver proxy active, passing request on via HTTP proxy
[35m[WD Proxy][39m Replacing sessionId e588afea-6010-4123-839c-4863932505bb with 80b0e6d9-d98a-4b3b-a4f3-58cd382aedb2
[35m[HTTP][39m [37m<-- GET /wd/hub/session/80b0e6d9-d98a-4b3b-a4f3-58cd382aedb2/source [39m[32m200[39m [90m1807 ms - 24037[39m
[35m[HTTP][39m [90m[39m
[35m[HTTP][39m [37m-->[39m [37mGET[39m [37m/wd/hub/session/80b0e6d9-d98a-4b3b-a4f3-58cd382aedb2/screenshot[39m
[35m[HTTP][39m [90m{}[39m
[35m[HTTP][39m [37m<-- GET /wd/hub/session/80b0e6d9-d98a-4b3b-a4f3-58cd382aedb2/screenshot [39m[32m200[39m [90m851 ms - 1361654[39m
[35m[HTTP][39m [90m[39m
[35m[HTTP][39m [37m-->[39m [37mPOST[39m [37m/wd/hub/session/80b0e6d9-d98a-4b3b-a4f3-58cd382aedb2/elements[39m
[35m[HTTP][39m [90m{"using":"xpath","value":"//*[@class = 'android.view.ViewGroup' and (@text = '' or . = '')]"}[39m
[35m[HTTP][39m [37m<-- POST /wd/hub/session/80b0e6d9-d98a-4b3b-a4f3-58cd382aedb2/elements [39m[32m200[39m [90m120 ms - 3339[39m
[35m[HTTP][39m [90m[39m
[35m[HTTP][39m [37m-->[39m [37mPOST[39m [37m/wd/hub/session/80b0e6d9-d98a-4b3b-a4f3-58cd382aedb2/elements[39m
[35m[HTTP][39m [90m{"using":"-android uiautomator","value":"new UiSelector().className(\"android.view.ViewGroup\")"}[39m
[35m[HTTP][39m [37m<-- POST /wd/hub/session/80b0e6d9-d98a-4b3b-a4f3-58cd382aedb2/elements [39m[32m200[39m [90m164 ms - 3339[39m
[35m[HTTP][39m [90m[39m
[35m[HTTP][39m [37m-->[39m [37mGET[39m [37m/wd/hub/session/80b0e6d9-d98a-4b3b-a4f3-58cd382aedb2/window/rect[39m
[35m[HTTP][39m [90m{}[39m
[35m[HTTP][39m [37m<-- GET /wd/hub/session/80b0e6d9-d98a-4b3b-a4f3-58cd382aedb2/window/rect [39m[32m200[39m [90m8 ms - 50[39m
[35m[HTTP][39m [90m[39m
[35m[HTTP][39m [37m-->[39m [37mPOST[39m [37m/wd/hub/session/80b0e6d9-d98a-4b3b-a4f3-58cd382aedb2/elements[39m
[35m[HTTP][39m [90m{"using":"xpath","value":"//hierarchy/android.widget.FrameLayout[1]/android.widget.LinearLayout[1]/android.widget.FrameLayout[1]/android.widget.LinearLayout[1]/android.widget.FrameLayout[1]/android.widget.FrameLayout[1]/android.view.ViewGroup[1]/android.view.ViewGroup[2]/android.view.ViewGroup[1]/android.view.ViewGroup[1]/android.view.ViewGroup[1]/android.view.ViewGroup[1]/android.view.ViewGroup[1]/android.view.ViewGroup[2]/android.view.ViewGroup[1]/android.view.ViewGroup[1]/android.widget.ScrollView[1]/android.view.ViewGroup[1]/android.view.ViewGroup[2]/android.view.ViewGroup[2]/android.view.ViewGroup[1]"}[39m
[35m[HTTP][39m [37m<-- POST /wd/hub/session/80b0e6d9-d98a-4b3b-a4f3-58cd382aedb2/elements [39m[32m200[39m [90m60043 ms - 12[39m
[35m[HTTP][39m [90m[39m
[35m[HTTP][39m [37m-->[39m [37mPOST[39m [37m/wd/hub/session/80b0e6d9-d98a-4b3b-a4f3-58cd382aedb2/elements[39m
[35m[HTTP][39m [90m{"using":"xpath","value":"//*[@class = 'android.view.ViewGroup' and (@text = '' or . = '')]"}[39m
[35m[HTTP][39m [37m<-- POST /wd/hub/session/80b0e6d9-d98a-4b3b-a4f3-58cd382aedb2/elements [39m[32m200[39m [90m66 ms - 3339[39m
[35m[HTTP][39m [90m[39m
[35m[HTTP][39m [37m-->[39m [37mPOST[39m [37m/wd/hub/session/80b0e6d9-d98a-4b3b-a4f3-58cd382aedb2/elements[39m
[35m[HTTP][39m [90m{"using":"-android uiautomator","value":"new UiSelector().className(\"android.view.ViewGroup\")"}[39m
[35m[HTTP][39m [37m<-- POST /wd/hub/session/80b0e6d9-d98a-4b3b-a4f3-58cd382aedb2/elements [39m[32m200[39m [90m167 ms - 3339[39m
[35m[HTTP][39m [90m[39m
[35m[HTTP][39m [37m-->[39m [37mGET[39m [37m/wd/hub/session/80b0e6d9-d98a-4b3b-a4f3-58cd382aedb2/window/rect[39m
[35m[HTTP][39m [90m{}[39m
[35m[HTTP][39m [37m<-- GET /wd/hub/session/80b0e6d9-d98a-4b3b-a4f3-58cd382aedb2/window/rect [39m[32m200[39m [90m16 ms - 50[39m
[35m[HTTP][39m [90m[39m
[35m[HTTP][39m [37m-->[39m [37mPOST[39m [37m/wd/hub/session/80b0e6d9-d98a-4b3b-a4f3-58cd382aedb2/elements[39m
[35m[HTTP][39m [90m{"using":"xpath","value":"//hierarchy/android.widget.FrameLayout[1]/android.widget.LinearLayout[1]/android.widget.FrameLayout[1]/android.widget.LinearLayout[1]/android.widget.FrameLayout[1]/android.widget.FrameLayout[1]/android.view.ViewGroup[1]/android.view.ViewGroup[2]/android.view.ViewGroup[1]/android.view.ViewGroup[1]/android.view.ViewGroup[1]/android.view.ViewGroup[1]/android.view.ViewGroup[1]/android.view.ViewGroup[2]/android.view.ViewGroup[1]/android.view.ViewGroup[1]/android.widget.ScrollView[1]/android.view.ViewGroup[1]/android.view.ViewGroup[2]/android.view.ViewGroup[2]/android.view.ViewGroup[1]"}[39m
[35m[HTTP][39m [37m<-- POST /wd/hub/session/80b0e6d9-d98a-4b3b-a4f3-58cd382aedb2/elements [39m[32m200[39m [90m60038 ms - 12[39m
[35m[HTTP][39m [90m[39m
[35m[HTTP][39m [37m-->[39m [37mGET[39m [37m/wd/hub/session/80b0e6d9-d98a-4b3b-a4f3-58cd382aedb2/source[39m
[35m[HTTP][39m [90m{}[39m
[35m[W3C (80b0e6d9)][39m Driver proxy active, passing request on via HTTP proxy
[35m[WD Proxy][39m Replacing sessionId e588afea-6010-4123-839c-4863932505bb with 80b0e6d9-d98a-4b3b-a4f3-58cd382aedb2
[35m[HTTP][39m [37m<-- GET /wd/hub/session/80b0e6d9-d98a-4b3b-a4f3-58cd382aedb2/source [39m[32m200[39m [90m54 ms - 22711[39m
[35m[HTTP][39m [90m[39m
[35m[HTTP][39m [37m-->[39m [37mGET[39m [37m/wd/hub/session/80b0e6d9-d98a-4b3b-a4f3-58cd382aedb2/screenshot[39m
[35m[HTTP][39m [90m{}[39m
[35m[HTTP][39m [37m<-- GET /wd/hub/session/80b0e6d9-d98a-4b3b-a4f3-58cd382aedb2/screenshot [39m[32m200[39m [90m833 ms - 1361654[39m
[35m[HTTP][39m [90m[39m
[35m[HTTP][39m [37m-->[39m [37mPOST[39m [37m/wd/hub/session/80b0e6d9-d98a-4b3b-a4f3-58cd382aedb2/elements[39m
[35m[HTTP][39m [90m{"using":"xpath","value":"//*[@class = 'android.view.ViewGroup' and (@text = '' or . = '')]"}[39m
[35m[HTTP][39m [37m<-- POST /wd/hub/session/80b0e6d9-d98a-4b3b-a4f3-58cd382aedb2/elements [39m[32m200[39m [90m98 ms - 3339[39m
[35m[HTTP][39m [90m[39m
[35m[HTTP][39m [37m-->[39m [37mPOST[39m [37m/wd/hub/session/80b0e6d9-d98a-4b3b-a4f3-58cd382aedb2/elements[39m
[35m[HTTP][39m [90m{"using":"-android uiautomator","value":"new UiSelector().className(\"android.view.ViewGroup\")"}[39m
[35m[HTTP][39m [37m<-- POST /wd/hub/session/80b0e6d9-d98a-4b3b-a4f3-58cd382aedb2/elements [39m[32m200[39m [90m155 ms - 3339[39m
[35m[HTTP][39m [90m[39m
[35m[HTTP][39m [37m-->[39m [37mGET[39m [37m/wd/hub/session/80b0e6d9-d98a-4b3b-a4f3-58cd382aedb2/window/rect[39m
[35m[HTTP][39m [90m{}[39m
[35m[HTTP][39m [37m<-- GET /wd/hub/session/80b0e6d9-d98a-4b3b-a4f3-58cd382aedb2/window/rect [39m[32m200[39m [90m8 ms - 50[39m
[35m[HTTP][39m [90m[39m
[35m[HTTP][39m [37m-->[39m [37mPOST[39m [37m/wd/hub/session/80b0e6d9-d98a-4b3b-a4f3-58cd382aedb2/elements[39m
[35m[HTTP][39m [90m{"using":"xpath","value":"//hierarchy/android.widget.FrameLayout[1]/android.widget.LinearLayout[1]/android.widget.FrameLayout[1]/android.widget.LinearLayout[1]/android.widget.FrameLayout[1]/android.widget.FrameLayout[1]/android.view.ViewGroup[1]/android.view.ViewGroup[2]/android.view.ViewGroup[1]/android.view.ViewGroup[1]/android.view.ViewGroup[1]/android.view.ViewGroup[1]/android.view.ViewGroup[1]/android.view.ViewGroup[1]/android.view.ViewGroup[1]/android.view.ViewGroup[1]/android.widget.ScrollView[1]/android.view.ViewGroup[1]/android.view.ViewGroup[2]/android.view.ViewGroup[2]/android.view.ViewGroup[1]"}[39m
[35m[HTTP][39m [37m<-- POST /wd/hub/session/80b0e6d9-d98a-4b3b-a4f3-58cd382aedb2/elements [39m[32m200[39m [90m36 ms - 139[39m
[35m[HTTP][39m [90m[39m
[35m[HTTP][39m [37m-->[39m [37mGET[39m [37m/wd/hub/session/80b0e6d9-d98a-4b3b-a4f3-58cd382aedb2/element/00000000-0000-0082-ffff-ffff00000297/location[39m
[35m[HTTP][39m [90m{}[39m
[35m[W3C (80b0e6d9)][39m Driver proxy active, passing request on via HTTP proxy
[35m[WD Proxy][39m Replacing sessionId e588afea-6010-4123-839c-4863932505bb with 80b0e6d9-d98a-4b3b-a4f3-58cd382aedb2
[35m[HTTP][39m [37m<-- GET /wd/hub/session/80b0e6d9-d98a-4b3b-a4f3-58cd382aedb2/element/00000000-0000-0082-ffff-ffff00000297/location [39m[32m200[39m [90m15 ms - 78[39m
[35m[HTTP][39m [90m[39m
[35m[HTTP][39m [37m-->[39m [37mPOST[39m [37m/wd/hub/session/80b0e6d9-d98a-4b3b-a4f3-58cd382aedb2/touch/perform[39m
[35m[HTTP][39m [90m{"actions":[{"action":"tap","options":{"x":1,"y":1,"element":"00000000-0000-0082-ffff-ffff00000297"}}]}[39m
[35m[UiAutomator2][39m calling get location: 00000000-0000-0082-ffff-ffff00000297
[35m[HTTP][39m [37m<-- POST /wd/hub/session/80b0e6d9-d98a-4b3b-a4f3-58cd382aedb2/touch/perform [39m[32m200[39m [90m186 ms - 14[39m
[35m[HTTP][39m [90m[39m
[35m[HTTP][39m [37m-->[39m [37mGET[39m [37m/wd/hub/session/80b0e6d9-d98a-4b3b-a4f3-58cd382aedb2/source[39m
[35m[HTTP][39m [90m{}[39m
[35m[W3C (80b0e6d9)][39m Driver proxy active, passing request on via HTTP proxy
[35m[WD Proxy][39m Replacing sessionId e588afea-6010-4123-839c-4863932505bb with 80b0e6d9-d98a-4b3b-a4f3-58cd382aedb2
[35m[HTTP][39m [37m<-- GET /wd/hub/session/80b0e6d9-d98a-4b3b-a4f3-58cd382aedb2/source [39m[32m200[39m [90m428 ms - 23632[39m
[35m[HTTP][39m [90m[39m
[35m[HTTP][39m [37m-->[39m [37mGET[39m [37m/wd/hub/session/80b0e6d9-d98a-4b3b-a4f3-58cd382aedb2/screenshot[39m
[35m[HTTP][39m [90m{}[39m
[35m[HTTP][39m [37m<-- GET /wd/hub/session/80b0e6d9-d98a-4b3b-a4f3-58cd382aedb2/screenshot [39m[32m200[39m [90m960 ms - 1358002[39m
[35m[HTTP][39m [90m[39m
[35m[HTTP][39m [37m-->[39m [37mDELETE[39m [37m/wd/hub/session/80b0e6d9-d98a-4b3b-a4f3-58cd382aedb2[39m
[35m[HTTP][39m [90m{}[39m
[35m[Appium][39m Removing session 80b0e6d9-d98a-4b3b-a4f3-58cd382aedb2 from our master session list
[35m[UiAutomator2][39m Restoring hidden api policy to the device default configuration
[35m[HTTP][39m [37m<-- DELETE /wd/hub/session/80b0e6d9-d98a-4b3b-a4f3-58cd382aedb2 [39m[32m200[39m [90m1280 ms - 14[39m
[35m[HTTP][39m [90m[39m
